<?xml version="1.0" encoding="UTF-8"?>
<coverage generated="1575938684500" clover="3.2.0">
  <project timestamp="1575938684500" name="All files">
    <metrics statements="27" coveredstatements="23" conditionals="20" coveredconditionals="13" methods="5" coveredmethods="4" elements="52" coveredelements="40" complexity="0" loc="27" ncloc="27" packages="2" files="3" classes="3"/>
    <package name="lib">
      <metrics statements="19" coveredstatements="15" conditionals="20" coveredconditionals="13" methods="3" coveredmethods="2"/>
      <file name="app.js" path="/Users/matt/alchemy/career-track/ct-lab-06-http-net/lib/app.js">
        <metrics statements="19" coveredstatements="15" conditionals="20" coveredconditionals="13" methods="3" coveredmethods="2"/>
        <line num="1" count="1" type="stmt"/>
        <line num="2" count="1" type="stmt"/>
        <line num="3" count="1" type="stmt"/>
        <line num="4" count="1" type="stmt"/>
        <line num="16" count="1" type="stmt"/>
        <line num="17" count="2" type="stmt"/>
        <line num="18" count="2" type="stmt"/>
        <line num="19" count="2" type="cond" truecount="4" falsecount="0"/>
        <line num="20" count="1" type="stmt"/>
        <line num="21" count="1" type="cond" truecount="2" falsecount="2"/>
        <line num="22" count="0" type="stmt"/>
        <line num="23" count="1" type="cond" truecount="2" falsecount="2"/>
        <line num="24" count="0" type="stmt"/>
        <line num="25" count="1" type="cond" truecount="2" falsecount="2"/>
        <line num="26" count="0" type="stmt"/>
        <line num="27" count="1" type="cond" truecount="3" falsecount="1"/>
        <line num="28" count="1" type="stmt"/>
        <line num="30" count="0" type="stmt"/>
        <line num="34" count="1" type="stmt"/>
      </file>
    </package>
    <package name="lib.utils">
      <metrics statements="8" coveredstatements="8" conditionals="0" coveredconditionals="0" methods="2" coveredmethods="2"/>
      <file name="createResponse.js" path="/Users/matt/alchemy/career-track/ct-lab-06-http-net/lib/utils/createResponse.js">
        <metrics statements="2" coveredstatements="2" conditionals="0" coveredconditionals="0" methods="1" coveredmethods="1"/>
        <line num="1" count="2" type="stmt"/>
        <line num="2" count="3" type="stmt"/>
      </file>
      <file name="parseRequest.js" path="/Users/matt/alchemy/career-track/ct-lab-06-http-net/lib/utils/parseRequest.js">
        <metrics statements="6" coveredstatements="6" conditionals="0" coveredconditionals="0" methods="1" coveredmethods="1"/>
        <line num="1" count="2" type="stmt"/>
        <line num="2" count="4" type="stmt"/>
        <line num="3" count="4" type="stmt"/>
        <line num="4" count="4" type="stmt"/>
        <line num="5" count="4" type="stmt"/>
        <line num="6" count="4" type="stmt"/>
      </file>
    </package>
  </project>
</coverage>
