{"/Users/matt/alchemy/career-track/ct-lab-06-http-net/lib/app.js": {"path":"/Users/matt/alchemy/career-track/ct-lab-06-http-net/lib/app.js","statementMap":{"0":{"start":{"line":1,"column":12},"end":{"line":1,"column":26}},"1":{"start":{"line":2,"column":21},"end":{"line":2,"column":52}},"2":{"start":{"line":3,"column":23},"end":{"line":3,"column":56}},"3":{"start":{"line":4,"column":18},"end":{"line":15,"column":8}},"4":{"start":{"line":4,"column":27},"end":{"line":15,"column":8}},"5":{"start":{"line":16,"column":12},"end":{"line":32,"column":2}},"6":{"start":{"line":17,"column":2},"end":{"line":31,"column":5}},"7":{"start":{"line":18,"column":20},"end":{"line":18,"column":49}},"8":{"start":{"line":19,"column":4},"end":{"line":30,"column":113}},"9":{"start":{"line":20,"column":6},"end":{"line":20,"column":94}},"10":{"start":{"line":21,"column":11},"end":{"line":30,"column":113}},"11":{"start":{"line":22,"column":6},"end":{"line":22,"column":105}},"12":{"start":{"line":23,"column":11},"end":{"line":30,"column":113}},"13":{"start":{"line":24,"column":6},"end":{"line":24,"column":107}},"14":{"start":{"line":25,"column":11},"end":{"line":30,"column":113}},"15":{"start":{"line":26,"column":6},"end":{"line":26,"column":106}},"16":{"start":{"line":27,"column":11},"end":{"line":30,"column":113}},"17":{"start":{"line":28,"column":6},"end":{"line":28,"column":102}},"18":{"start":{"line":30,"column":11},"end":{"line":30,"column":113}},"19":{"start":{"line":34,"column":0},"end":{"line":34,"column":21}}},"fnMap":{"0":{"name":"(anonymous_0)","decl":{"start":{"line":4,"column":18},"end":{"line":4,"column":19}},"loc":{"start":{"line":4,"column":27},"end":{"line":15,"column":8}},"line":4},"1":{"name":"(anonymous_1)","decl":{"start":{"line":16,"column":29},"end":{"line":16,"column":30}},"loc":{"start":{"line":16,"column":39},"end":{"line":32,"column":1}},"line":16},"2":{"name":"(anonymous_2)","decl":{"start":{"line":17,"column":20},"end":{"line":17,"column":21}},"loc":{"start":{"line":17,"column":28},"end":{"line":31,"column":3}},"line":17}},"branchMap":{"0":{"loc":{"start":{"line":19,"column":4},"end":{"line":30,"column":113}},"type":"if","locations":[{"start":{"line":19,"column":4},"end":{"line":30,"column":113}},{"start":{"line":19,"column":4},"end":{"line":30,"column":113}}],"line":19},"1":{"loc":{"start":{"line":19,"column":7},"end":{"line":19,"column":55}},"type":"binary-expr","locations":[{"start":{"line":19,"column":7},"end":{"line":19,"column":31}},{"start":{"line":19,"column":35},"end":{"line":19,"column":55}}],"line":19},"2":{"loc":{"start":{"line":21,"column":11},"end":{"line":30,"column":113}},"type":"if","locations":[{"start":{"line":21,"column":11},"end":{"line":30,"column":113}},{"start":{"line":21,"column":11},"end":{"line":30,"column":113}}],"line":21},"3":{"loc":{"start":{"line":21,"column":14},"end":{"line":21,"column":65}},"type":"binary-expr","locations":[{"start":{"line":21,"column":14},"end":{"line":21,"column":38}},{"start":{"line":21,"column":42},"end":{"line":21,"column":65}}],"line":21},"4":{"loc":{"start":{"line":23,"column":11},"end":{"line":30,"column":113}},"type":"if","locations":[{"start":{"line":23,"column":11},"end":{"line":30,"column":113}},{"start":{"line":23,"column":11},"end":{"line":30,"column":113}}],"line":23},"5":{"loc":{"start":{"line":23,"column":14},"end":{"line":23,"column":67}},"type":"binary-expr","locations":[{"start":{"line":23,"column":14},"end":{"line":23,"column":38}},{"start":{"line":23,"column":42},"end":{"line":23,"column":67}}],"line":23},"6":{"loc":{"start":{"line":25,"column":11},"end":{"line":30,"column":113}},"type":"if","locations":[{"start":{"line":25,"column":11},"end":{"line":30,"column":113}},{"start":{"line":25,"column":11},"end":{"line":30,"column":113}}],"line":25},"7":{"loc":{"start":{"line":25,"column":14},"end":{"line":25,"column":66}},"type":"binary-expr","locations":[{"start":{"line":25,"column":14},"end":{"line":25,"column":38}},{"start":{"line":25,"column":42},"end":{"line":25,"column":66}}],"line":25},"8":{"loc":{"start":{"line":27,"column":11},"end":{"line":30,"column":113}},"type":"if","locations":[{"start":{"line":27,"column":11},"end":{"line":30,"column":113}},{"start":{"line":27,"column":11},"end":{"line":30,"column":113}}],"line":27},"9":{"loc":{"start":{"line":27,"column":14},"end":{"line":27,"column":67}},"type":"binary-expr","locations":[{"start":{"line":27,"column":14},"end":{"line":27,"column":39}},{"start":{"line":27,"column":43},"end":{"line":27,"column":67}}],"line":27}},"s":{"0":1,"1":1,"2":1,"3":1,"4":0,"5":1,"6":2,"7":2,"8":2,"9":1,"10":1,"11":0,"12":1,"13":0,"14":1,"15":0,"16":1,"17":1,"18":0,"19":1},"f":{"0":0,"1":2,"2":2},"b":{"0":[1,1],"1":[2,1],"2":[0,1],"3":[1,0],"4":[0,1],"5":[1,0],"6":[0,1],"7":[1,0],"8":[1,0],"9":[1,1]},"_coverageSchema":"43e27e138ebf9cfc5966b082cf9a028302ed4184","hash":"c9fa7fde14b5b4595ca1a6005435d4b6e4e25812"}
,"/Users/matt/alchemy/career-track/ct-lab-06-http-net/lib/utils/createResponse.js": {"path":"/Users/matt/alchemy/career-track/ct-lab-06-http-net/lib/utils/createResponse.js","statementMap":{"0":{"start":{"line":1,"column":0},"end":{"line":8,"column":2}},"1":{"start":{"line":2,"column":2},"end":{"line":7,"column":18}}},"fnMap":{"0":{"name":"(anonymous_0)","decl":{"start":{"line":1,"column":17},"end":{"line":1,"column":18}},"loc":{"start":{"line":1,"column":31},"end":{"line":8,"column":1}},"line":1}},"branchMap":{},"s":{"0":2,"1":3},"f":{"0":3},"b":{},"_coverageSchema":"43e27e138ebf9cfc5966b082cf9a028302ed4184","hash":"8133df361ff05762657e80b3522674ceea60845e"}
,"/Users/matt/alchemy/career-track/ct-lab-06-http-net/lib/utils/parseRequest.js": {"path":"/Users/matt/alchemy/career-track/ct-lab-06-http-net/lib/utils/parseRequest.js","statementMap":{"0":{"start":{"line":1,"column":0},"end":{"line":11,"column":2}},"1":{"start":{"line":2,"column":23},"end":{"line":2,"column":45}},"2":{"start":{"line":3,"column":25},"end":{"line":3,"column":51}},"3":{"start":{"line":4,"column":24},"end":{"line":4,"column":52}},"4":{"start":{"line":5,"column":15},"end":{"line":5,"column":31}},"5":{"start":{"line":6,"column":2},"end":{"line":10,"column":4}}},"fnMap":{"0":{"name":"(anonymous_0)","decl":{"start":{"line":1,"column":17},"end":{"line":1,"column":18}},"loc":{"start":{"line":1,"column":31},"end":{"line":11,"column":1}},"line":1}},"branchMap":{},"s":{"0":2,"1":4,"2":4,"3":4,"4":4,"5":4},"f":{"0":4},"b":{},"_coverageSchema":"43e27e138ebf9cfc5966b082cf9a028302ed4184","hash":"5306ba84ff7ef6327fa69370130eb52f7c4407a7"}
}
